[     233ms] [ERROR] Failed to load resource: the server responded with a status of 404 (File not found) @ http://localhost:8765/api/system_stats:0
[     243ms] [ERROR] Failed to load resource: the server responded with a status of 404 (File not found) @ http://localhost:8765/prismata-assets/manifest.json:0
[   15271ms] [ERROR] Failed to load resource: the server responded with a status of 404 (File not found) @ http://localhost:8765/api/system_stats:0
[   16921ms] [ERROR] Failed to load resource: the server responded with a status of 404 (File not found) @ http://localhost:8765/prismata-assets/units/drone/Regular.png:0
[   30273ms] [ERROR] Failed to load resource: the server responded with a status of 404 (File not found) @ http://localhost:8765/api/system_stats:0
[   45268ms] [ERROR] Failed to load resource: the server responded with a status of 404 (File not found) @ http://localhost:8765/api/system_stats:0
[   55368ms] [ERROR] Failed to load resource: the server responded with a status of 404 (File not found) @ http://localhost:8765/prismata-assets/units/cynestra/Regular.png:0
[   59093ms] [ERROR] Failed to load resource: the server responded with a status of 501 (Unsupported method ('POST')) @ http://localhost:8765/api/prompt:0
[   60268ms] [ERROR] Failed to load resource: the server responded with a status of 404 (File not found) @ http://localhost:8765/api/system_stats:0
[   75269ms] [ERROR] Failed to load resource: the server responded with a status of 404 (File not found) @ http://localhost:8765/api/system_stats:0
[   90271ms] [ERROR] Failed to load resource: the server responded with a status of 404 (File not found) @ http://localhost:8765/api/system_stats:0
[  105272ms] [ERROR] Failed to load resource: the server responded with a status of 404 (File not found) @ http://localhost:8765/api/system_stats:0
[  114923ms] [ERROR] Failed to load resource: the server responded with a status of 501 (Unsupported method ('POST')) @ http://localhost:8765/api/prompt:0
[  120267ms] [ERROR] Failed to load resource: the server responded with a status of 404 (File not found) @ http://localhost:8765/api/system_stats:0
[  135271ms] [ERROR] Failed to load resource: the server responded with a status of 404 (File not found) @ http://localhost:8765/api/system_stats:0
[  150269ms] [ERROR] Failed to load resource: the server responded with a status of 404 (File not found) @ http://localhost:8765/api/system_stats:0
[  165269ms] [ERROR] Failed to load resource: the server responded with a status of 404 (File not found) @ http://localhost:8765/api/system_stats:0
[  180267ms] [ERROR] Failed to load resource: the server responded with a status of 404 (File not found) @ http://localhost:8765/api/system_stats:0
[  195269ms] [ERROR] Failed to load resource: the server responded with a status of 404 (File not found) @ http://localhost:8765/api/system_stats:0
[  210268ms] [ERROR] Failed to load resource: the server responded with a status of 404 (File not found) @ http://localhost:8765/api/system_stats:0
[  225269ms] [ERROR] Failed to load resource: the server responded with a status of 404 (File not found) @ http://localhost:8765/api/system_stats:0
[  240266ms] [ERROR] Failed to load resource: the server responded with a status of 404 (File not found) @ http://localhost:8765/api/system_stats:0
[  255269ms] [ERROR] Failed to load resource: the server responded with a status of 404 (File not found) @ http://localhost:8765/api/system_stats:0
[  270266ms] [ERROR] Failed to load resource: the server responded with a status of 404 (File not found) @ http://localhost:8765/api/system_stats:0
[  285271ms] [ERROR] Failed to load resource: the server responded with a status of 404 (File not found) @ http://localhost:8765/api/system_stats:0
[  300274ms] [ERROR] Failed to load resource: the server responded with a status of 404 (File not found) @ http://localhost:8765/api/system_stats:0
[  315269ms] [ERROR] Failed to load resource: the server responded with a status of 404 (File not found) @ http://localhost:8765/api/system_stats:0
[  330273ms] [ERROR] Failed to load resource: the server responded with a status of 404 (File not found) @ http://localhost:8765/api/system_stats:0
[  345269ms] [ERROR] Failed to load resource: the server responded with a status of 404 (File not found) @ http://localhost:8765/api/system_stats:0
[  360271ms] [ERROR] Failed to load resource: the server responded with a status of 404 (File not found) @ http://localhost:8765/api/system_stats:0
[  375266ms] [ERROR] Failed to load resource: the server responded with a status of 404 (File not found) @ http://localhost:8765/api/system_stats:0
[  380299ms] [ERROR] Failed to load resource: the server responded with a status of 404 (File not found) @ http://localhost:8765/api/system_stats:0
[  380308ms] [ERROR] Failed to load resource: the server responded with a status of 404 (File not found) @ http://localhost:8765/manifest.json:0
[  380314ms] [ERROR] Failed to load resource: the server responded with a status of 404 (File not found) @ http://localhost:8765/api/view?filename=prismata-assets/manifest.json&type=input:0
[  380321ms] [ERROR] Failed to load resource: the server responded with a status of 404 (File not found) @ http://localhost:8765/prismata-assets/manifest.json:0
[  381633ms] [ERROR] Failed to load resource: the server responded with a status of 404 (File not found) @ http://localhost:8765/api/system_stats:0
[  381641ms] [ERROR] Failed to load resource: the server responded with a status of 404 (File not found) @ http://localhost:8765/manifest.json:0
[  381646ms] [ERROR] Failed to load resource: the server responded with a status of 404 (File not found) @ http://localhost:8765/api/view?filename=prismata-assets/manifest.json&type=input:0
[  381653ms] [ERROR] Failed to load resource: the server responded with a status of 404 (File not found) @ http://localhost:8765/prismata-assets/manifest.json:0
[  396662ms] [ERROR] Failed to load resource: the server responded with a status of 404 (File not found) @ http://localhost:8765/api/system_stats:0
[  411665ms] [ERROR] Failed to load resource: the server responded with a status of 404 (File not found) @ http://localhost:8765/api/system_stats:0
[  426662ms] [ERROR] Failed to load resource: the server responded with a status of 404 (File not found) @ http://localhost:8765/api/system_stats:0
[  441664ms] [ERROR] Failed to load resource: the server responded with a status of 404 (File not found) @ http://localhost:8765/api/system_stats:0
[  456662ms] [ERROR] Failed to load resource: the server responded with a status of 404 (File not found) @ http://localhost:8765/api/system_stats:0
[  471666ms] [ERROR] Failed to load resource: the server responded with a status of 404 (File not found) @ http://localhost:8765/api/system_stats:0
[  486667ms] [ERROR] Failed to load resource: the server responded with a status of 404 (File not found) @ http://localhost:8765/api/system_stats:0
[  501673ms] [ERROR] Failed to load resource: the server responded with a status of 404 (File not found) @ http://localhost:8765/api/system_stats:0
[  516674ms] [ERROR] Failed to load resource: the server responded with a status of 404 (File not found) @ http://localhost:8765/api/system_stats:0
[  531678ms] [ERROR] Failed to load resource: the server responded with a status of 404 (File not found) @ http://localhost:8765/api/system_stats:0
[  546671ms] [ERROR] Failed to load resource: the server responded with a status of 404 (File not found) @ http://localhost:8765/api/system_stats:0
[  561677ms] [ERROR] Failed to load resource: the server responded with a status of 404 (File not found) @ http://localhost:8765/api/system_stats:0
[  576676ms] [ERROR] Failed to load resource: the server responded with a status of 404 (File not found) @ http://localhost:8765/api/system_stats:0
[  591673ms] [ERROR] Failed to load resource: the server responded with a status of 404 (File not found) @ http://localhost:8765/api/system_stats:0
[  606677ms] [ERROR] Failed to load resource: the server responded with a status of 404 (File not found) @ http://localhost:8765/api/system_stats:0
[  621661ms] [ERROR] Failed to load resource: the server responded with a status of 404 (File not found) @ http://localhost:8765/api/system_stats:0
[  636666ms] [ERROR] Failed to load resource: the server responded with a status of 404 (File not found) @ http://localhost:8765/api/system_stats:0
[  651661ms] [ERROR] Failed to load resource: the server responded with a status of 404 (File not found) @ http://localhost:8765/api/system_stats:0
[  666666ms] [ERROR] Failed to load resource: the server responded with a status of 404 (File not found) @ http://localhost:8765/api/system_stats:0
[  681662ms] [ERROR] Failed to load resource: the server responded with a status of 404 (File not found) @ http://localhost:8765/api/system_stats:0
[  696663ms] [ERROR] Failed to load resource: the server responded with a status of 404 (File not found) @ http://localhost:8765/api/system_stats:0
[  711661ms] [ERROR] Failed to load resource: the server responded with a status of 404 (File not found) @ http://localhost:8765/api/system_stats:0
[  726661ms] [ERROR] Failed to load resource: the server responded with a status of 404 (File not found) @ http://localhost:8765/api/system_stats:0
[  741662ms] [ERROR] Failed to load resource: the server responded with a status of 404 (File not found) @ http://localhost:8765/api/system_stats:0
[  756665ms] [ERROR] Failed to load resource: the server responded with a status of 404 (File not found) @ http://localhost:8765/api/system_stats:0
[  771661ms] [ERROR] Failed to load resource: the server responded with a status of 404 (File not found) @ http://localhost:8765/api/system_stats:0
[  786664ms] [ERROR] Failed to load resource: the server responded with a status of 404 (File not found) @ http://localhost:8765/api/system_stats:0
[  801661ms] [ERROR] Failed to load resource: the server responded with a status of 404 (File not found) @ http://localhost:8765/api/system_stats:0
[  816666ms] [ERROR] Failed to load resource: the server responded with a status of 404 (File not found) @ http://localhost:8765/api/system_stats:0
[  831660ms] [ERROR] Failed to load resource: the server responded with a status of 404 (File not found) @ http://localhost:8765/api/system_stats:0
[  846663ms] [ERROR] Failed to load resource: the server responded with a status of 404 (File not found) @ http://localhost:8765/api/system_stats:0
[  861660ms] [ERROR] Failed to load resource: the server responded with a status of 404 (File not found) @ http://localhost:8765/api/system_stats:0
[  876662ms] [ERROR] Failed to load resource: the server responded with a status of 404 (File not found) @ http://localhost:8765/api/system_stats:0
[  891660ms] [ERROR] Failed to load resource: the server responded with a status of 404 (File not found) @ http://localhost:8765/api/system_stats:0
[  906661ms] [ERROR] Failed to load resource: the server responded with a status of 404 (File not found) @ http://localhost:8765/api/system_stats:0
[  921666ms] [ERROR] Failed to load resource: the server responded with a status of 404 (File not found) @ http://localhost:8765/api/system_stats:0
[  936664ms] [ERROR] Failed to load resource: the server responded with a status of 404 (File not found) @ http://localhost:8765/api/system_stats:0
[  951667ms] [ERROR] Failed to load resource: the server responded with a status of 404 (File not found) @ http://localhost:8765/api/system_stats:0
[  966660ms] [ERROR] Failed to load resource: the server responded with a status of 404 (File not found) @ http://localhost:8765/api/system_stats:0
[  981665ms] [ERROR] Failed to load resource: the server responded with a status of 404 (File not found) @ http://localhost:8765/api/system_stats:0
[  996661ms] [ERROR] Failed to load resource: the server responded with a status of 404 (File not found) @ http://localhost:8765/api/system_stats:0
[ 1011666ms] [ERROR] Failed to load resource: the server responded with a status of 404 (File not found) @ http://localhost:8765/api/system_stats:0
[ 1026662ms] [ERROR] Failed to load resource: the server responded with a status of 404 (File not found) @ http://localhost:8765/api/system_stats:0
[ 1041666ms] [ERROR] Failed to load resource: the server responded with a status of 404 (File not found) @ http://localhost:8765/api/system_stats:0
[ 1056662ms] [ERROR] Failed to load resource: the server responded with a status of 404 (File not found) @ http://localhost:8765/api/system_stats:0
[ 1071664ms] [ERROR] Failed to load resource: the server responded with a status of 404 (File not found) @ http://localhost:8765/api/system_stats:0
[ 1086661ms] [ERROR] Failed to load resource: the server responded with a status of 404 (File not found) @ http://localhost:8765/api/system_stats:0
[ 1101664ms] [ERROR] Failed to load resource: the server responded with a status of 404 (File not found) @ http://localhost:8765/api/system_stats:0
[ 1116662ms] [ERROR] Failed to load resource: the server responded with a status of 404 (File not found) @ http://localhost:8765/api/system_stats:0
[ 1131665ms] [ERROR] Failed to load resource: the server responded with a status of 404 (File not found) @ http://localhost:8765/api/system_stats:0
[ 1146661ms] [ERROR] Failed to load resource: the server responded with a status of 404 (File not found) @ http://localhost:8765/api/system_stats:0
[ 1161663ms] [ERROR] Failed to load resource: the server responded with a status of 404 (File not found) @ http://localhost:8765/api/system_stats:0
[ 1176662ms] [ERROR] Failed to load resource: the server responded with a status of 404 (File not found) @ http://localhost:8765/api/system_stats:0
[ 1191663ms] [ERROR] Failed to load resource: the server responded with a status of 404 (File not found) @ http://localhost:8765/api/system_stats:0
[ 1206661ms] [ERROR] Failed to load resource: the server responded with a status of 404 (File not found) @ http://localhost:8765/api/system_stats:0
[ 1221663ms] [ERROR] Failed to load resource: the server responded with a status of 404 (File not found) @ http://localhost:8765/api/system_stats:0
[ 1236660ms] [ERROR] Failed to load resource: the server responded with a status of 404 (File not found) @ http://localhost:8765/api/system_stats:0
[ 1251663ms] [ERROR] Failed to load resource: the server responded with a status of 404 (File not found) @ http://localhost:8765/api/system_stats:0
[ 1266665ms] [ERROR] Failed to load resource: the server responded with a status of 404 (File not found) @ http://localhost:8765/api/system_stats:0
[ 1281662ms] [ERROR] Failed to load resource: the server responded with a status of 404 (File not found) @ http://localhost:8765/api/system_stats:0
[ 1296664ms] [ERROR] Failed to load resource: the server responded with a status of 404 (File not found) @ http://localhost:8765/api/system_stats:0
[ 1311663ms] [ERROR] Failed to load resource: the server responded with a status of 404 (File not found) @ http://localhost:8765/api/system_stats:0
[ 1326665ms] [ERROR] Failed to load resource: the server responded with a status of 404 (File not found) @ http://localhost:8765/api/system_stats:0
[ 1341662ms] [ERROR] Failed to load resource: the server responded with a status of 404 (File not found) @ http://localhost:8765/api/system_stats:0
